<?xml version="1.0" encoding="UTF-8"?>
<!-- Generated by org.testng.reporters.JUnitReportReporter -->
<testsuite skipped="0" hostname="Chinnu" name="com.TestScripts.JavaPrograms" tests="1" failures="0" timestamp="12 Mar 2019 01:20:01 GMT" time="0.046" errors="0">
  <testcase name="commonEleWithin2Array" time="0.046" classname="com.TestScripts.JavaPrograms"/>
</testsuite> <!-- com.TestScripts.JavaPrograms -->
