<?xml version="1.0" encoding="UTF-8"?>
<!-- Generated by org.testng.reporters.JUnitReportReporter -->
<testsuite skipped="0" hostname="Chinnu" name="com.TestScripts.TestScripts" tests="1" failures="0" timestamp="13 Apr 2020 06:35:53 GMT" time="19.558" errors="0">
  <testcase name="TC12_IRCTC_alert" time="19.558" classname="com.TestScripts.TestScripts"/>
</testsuite> <!-- com.TestScripts.TestScripts -->
