<?xml version="1.0" encoding="UTF-8"?>
<!-- Generated by org.testng.reporters.JUnitReportReporter -->
<testsuite skipped="0" hostname="Chinnu" name="com.TestScripts.Java" tests="1" failures="0" timestamp="10 Mar 2019 11:42:15 GMT" time="0.020" errors="0">
  <testcase name="Palindrome" time="0.020" classname="com.TestScripts.Java"/>
</testsuite> <!-- com.TestScripts.Java -->
