<?xml version="1.0" encoding="UTF-8"?>
<!-- Generated by org.testng.reporters.JUnitReportReporter -->
<testsuite skipped="0" hostname="Chinnu" name="com.TestScripts.TestScripts" tests="12" failures="0" timestamp="15 Apr 2020 17:51:45 GMT" time="213.340" errors="0">
  <testcase name="TC9_Facebook_MN_EMID" time="17.785" classname="com.TestScripts.TestScripts"/>
  <testcase name="TC3_textbox_radioButton" time="21.310" classname="com.TestScripts.TestScripts"/>
  <testcase name="TC11_Actions" time="23.209" classname="com.TestScripts.TestScripts"/>
  <testcase name="TC8_Alert" time="12.623" classname="com.TestScripts.TestScripts"/>
  <testcase name="TestCase2" time="21.343" classname="com.TestScripts.TestScripts"/>
  <testcase name="TC12_IRCTC_alert" time="19.596" classname="com.TestScripts.TestScripts"/>
  <testcase name="TC4_dropdown" time="20.307" classname="com.TestScripts.TestScripts"/>
  <testcase name="TC5_AllLinks" time="17.990" classname="com.TestScripts.TestScripts"/>
  <testcase name="Tc1" time="12.722" classname="com.TestScripts.TestScripts"/>
  <testcase name="TC6_list" time="9.613" classname="com.TestScripts.TestScripts"/>
  <testcase name="TC10_WebTable" time="12.715" classname="com.TestScripts.TestScripts"/>
  <testcase name="TC7_multipleWindow" time="24.127" classname="com.TestScripts.TestScripts"/>
</testsuite> <!-- com.TestScripts.TestScripts -->
